GraphQL Endpoint Comparison Tool
Endpoint 1: https://graphql.safetynet.social/graphql
Endpoint 2: https://graphql-prod.deso.com/graphql
Log file: C:\Users\info\safetynet\postgres-data-handler\tools\full_comparison.log


Executing query on both endpoints...

================================================================================
Query: account_stats
================================================================================

Variables:
{
  "first": 10,
  "condition": {
    "publicKey": "BC1YLh8heSjLGcmd7k8p2L4C63r4PhGCdESTcVNDDvTbrrP8NaidpTF"
  }
}

Response Times:
  SafetyNet: 0.291s
  DeSo Prod: 0.531s
  Difference: 0.241s

[!] DIFFERENCES FOUND

Value Changes:

  Path: root['data']['accounts']['nodes'][0]['followers']['totalCount']
    SafetyNet: 1268
    DeSo Prod: 1350
    Difference: 82 (+6.47%)

  Path: root['data']['accounts']['nodes'][0]['following']['totalCount']
    SafetyNet: 375
    DeSo Prod: 385
    Difference: 10 (+2.67%)

Executing query on both endpoints...

================================================================================
Query: recent_posts
================================================================================

Variables:
{
  "first": 5
}

Response Times:
  SafetyNet: 0.595s
  DeSo Prod: 28.839s
  Difference: 28.244s

[!] DIFFERENCES FOUND

Value Changes:

  Path: root['data']['posts']['totalCount']
    SafetyNet: 17758421
    DeSo Prod: 17963369
    Difference: 204948 (+1.15%)

Executing query on both endpoints...

================================================================================
Query: top_profiles
================================================================================

Variables:
{
  "first": 10
}

Response Times:
  SafetyNet: 9.572s
  DeSo Prod: 13.387s
  Difference: 3.814s

[!] DIFFERENCES FOUND

Value Changes:

  Path: root['data']['accounts']['nodes'][8]
    SafetyNet: {'username': None, 'publicKey': 'BC1YLffsW96GDuWqDXGZA6uoF4tsYJUArpv4z2GwwnYL2GzwgPFXXo2', 'coinPriceDesoNanos': None, 'followers': {'totalCount': 0}}
    DeSo Prod: {'username': None, 'publicKey': 'BC1YLffscgXWtCVUetZry2c9RGNAJn6bhpky1QqxPS96RzqzUxTvMyk', 'coinPriceDesoNanos': None, 'followers': {'totalCount': 0}}

  Path: root['data']['accounts']['nodes'][5]
    SafetyNet: {'username': None, 'publicKey': 'BC1YLffsVR4dCdzbES5dGdqGaaV1cipKTymScCw2L9PSWqdHWMxxHT5', 'coinPriceDesoNanos': None, 'followers': {'totalCount': 0}}
    DeSo Prod: {'username': None, 'publicKey': 'BC1YLffscf7rnAbQuSp9NMNK7PbzEpoxTjzXNB434UcmP8ctVoAkLU6', 'coinPriceDesoNanos': None, 'followers': {'totalCount': 0}}

  Path: root['data']['accounts']['nodes'][7]
    SafetyNet: {'username': None, 'publicKey': 'BC1YLffsVveckdC74U6E3tfFJ4CD3bprmXynwvGgoZwxCZwAX2an4j3', 'coinPriceDesoNanos': None, 'followers': {'totalCount': 0}}
    DeSo Prod: {'username': None, 'publicKey': 'BC1YLffscfyAuY9ZiqAwujQdzSxiRgDGwMcuSmq1ePK2vjeHdkTfxWD', 'coinPriceDesoNanos': None, 'followers': {'totalCount': 0}}

  Path: root['data']['accounts']['nodes'][3]
    SafetyNet: {'username': None, 'publicKey': 'BC1YLffsUxQjrTXmUwpkWo6DcegkNvsaMdtTAL8AKuDp3rGEZeLASZG', 'coinPriceDesoNanos': None, 'followers': {'totalCount': 0}}
    DeSo Prod: {'username': None, 'publicKey': 'BC1YLffsbiHiuzCvHcpdAYUTYNB27TmKTgCsW5Kv5MJJAnVrdwWw6GY', 'coinPriceDesoNanos': None, 'followers': {'totalCount': 0}}

  Path: root['data']['accounts']['nodes'][9]
    SafetyNet: {'username': None, 'publicKey': 'BC1YLffsWCjVNUZkn2SQGK7JprfjduP143gDbMmgpZWYCJu2J9BaSUp', 'coinPriceDesoNanos': None, 'followers': {'totalCount': 0}}
    DeSo Prod: {'username': None, 'publicKey': 'BC1YLffscKTH65nLdWSN6qMYu8k5QaW72HaPD9E8xHPhz6K3VZUp5Yi', 'coinPriceDesoNanos': None, 'followers': {'totalCount': 0}}

  Path: root['data']['accounts']['nodes'][2]
    SafetyNet: {'username': None, 'publicKey': 'BC1YLffsUvqFyWr8br4vcLRphnj9pugMUFswkEvNct7n9BurTjX2req', 'coinPriceDesoNanos': None, 'followers': {'totalCount': 0}}
    DeSo Prod: {'username': None, 'publicKey': 'BC1YLffsb1kCCq7ZFhiN5SGkRMuQMgMRPZ1vFc9LzGSS37bnnM8R1fk', 'coinPriceDesoNanos': None, 'followers': {'totalCount': 0}}

  Path: root['data']['accounts']['nodes'][4]
    SafetyNet: {'username': None, 'publicKey': 'BC1YLffsUxiNnfbEpy8gNR7uX22tJxskUSmo6EyaoLMnDehuC3A2GwK', 'coinPriceDesoNanos': None, 'followers': {'totalCount': 0}}
    DeSo Prod: {'username': None, 'publicKey': 'BC1YLffscBsvvn8cKULFFdecPXTMJcToR4j3TsCGvHhjgxT4yx7Uq6i', 'coinPriceDesoNanos': None, 'followers': {'totalCount': 0}}

  Path: root['data']['accounts']['nodes'][1]
    SafetyNet: {'username': None, 'publicKey': 'BC1YLffsUdLjJheuG79YAZJk5NCjGYwMwgTKwVDNhQwcPtVJZyQgmJM', 'coinPriceDesoNanos': None, 'followers': {'totalCount': 0}}
    DeSo Prod: {'username': None, 'publicKey': 'BC1YLffsafvm1VknU8hycSpMQoZR4tnG4bY1PDNf2VccVN7TsPEKhDV', 'coinPriceDesoNanos': None, 'followers': {'totalCount': 0}}

  Path: root['data']['accounts']['nodes'][6]
    SafetyNet: {'username': None, 'publicKey': 'BC1YLffsVd2Aj3qRaM2UMtV3BzoRAyzEchJydRdcNQX88HxFWz8befJ', 'coinPriceDesoNanos': None, 'followers': {'totalCount': 0}}
    DeSo Prod: {'username': None, 'publicKey': 'BC1YLffscFBcVuCcQjDywzKgevfkLMtMTtiux2A4XEXTJnCbDJneF2S', 'coinPriceDesoNanos': None, 'followers': {'totalCount': 0}}

Executing query on both endpoints...

================================================================================
Query: user_posts
================================================================================

Variables:
{
  "publicKey": "BC1YLh8heSjLGcmd7k8p2L4C63r4PhGCdESTcVNDDvTbrrP8NaidpTF",
  "first": 5
}

Response Times:
  SafetyNet: 0.305s
  DeSo Prod: 0.579s
  Difference: 0.274s

[!] DIFFERENCES FOUND

Value Changes:

  Path: root['data']['posts']['totalCount']
    SafetyNet: 6308
    DeSo Prod: 6564
    Difference: 256 (+4.06%)

Executing query on both endpoints...

================================================================================
Query: follower_stats
================================================================================

Variables:
{
  "publicKey": "BC1YLh8heSjLGcmd7k8p2L4C63r4PhGCdESTcVNDDvTbrrP8NaidpTF"
}

Response Times:
  SafetyNet: 0.204s
  DeSo Prod: 0.509s
  Difference: 0.305s

[!] DIFFERENCES FOUND

Value Changes:

  Path: root['data']['accounts']['nodes'][0]['followers']['totalCount']
    SafetyNet: 1268
    DeSo Prod: 1350
    Difference: 82 (+6.47%)

  Path: root['data']['accounts']['nodes'][0]['following']['totalCount']
    SafetyNet: 375
    DeSo Prod: 385
    Difference: 10 (+2.67%)

================================================================================
Comparison Complete
================================================================================

